{"/Users/carlos/Proyects/React/03-gifs-app/src/counter/components/MyCounterApp.tsx": {"path":"/Users/carlos/Proyects/React/03-gifs-app/src/counter/components/MyCounterApp.tsx","statementMap":{"0":{"start":{"line":3,"column":13},"end":{"line":29,"column":null}},"1":{"start":{"line":4,"column":45},"end":{"line":4,"column":null}},"2":{"start":{"line":6,"column":1},"end":{"line":27,"column":null}}},"fnMap":{"0":{"name":"(anonymous_0)","decl":{"start":{"line":3,"column":13},"end":{"line":3,"column":34}},"loc":{"start":{"line":3,"column":34},"end":{"line":29,"column":null}},"line":3}},"branchMap":{},"s":{"0":2,"1":7,"2":7},"f":{"0":7},"b":{},"meta":{"lastBranch":0,"lastFunction":1,"lastStatement":3,"seen":{"s:3:13:29:Infinity":0,"f:3:13:3:34":0,"s:4:45:4:Infinity":1,"s:6:1:27:Infinity":2},"fnNames":{}}}
,"/Users/carlos/Proyects/React/03-gifs-app/src/counter/hooks/useCounter.tsx": {"path":"/Users/carlos/Proyects/React/03-gifs-app/src/counter/hooks/useCounter.tsx","statementMap":{"0":{"start":{"line":3,"column":13},"end":{"line":28,"column":null}},"1":{"start":{"line":4,"column":17},"end":{"line":4,"column":null}},"2":{"start":{"line":6,"column":7},"end":{"line":8,"column":null}},"3":{"start":{"line":7,"column":2},"end":{"line":7,"column":null}},"4":{"start":{"line":10,"column":7},"end":{"line":12,"column":null}},"5":{"start":{"line":11,"column":2},"end":{"line":11,"column":null}},"6":{"start":{"line":14,"column":7},"end":{"line":17,"column":null}},"7":{"start":{"line":15,"column":2},"end":{"line":15,"column":null}},"8":{"start":{"line":15,"column":21},"end":{"line":15,"column":null}},"9":{"start":{"line":16,"column":2},"end":{"line":16,"column":null}},"10":{"start":{"line":19,"column":1},"end":{"line":27,"column":null}}},"fnMap":{"0":{"name":"(anonymous_0)","decl":{"start":{"line":3,"column":13},"end":{"line":3,"column":27}},"loc":{"start":{"line":3,"column":57},"end":{"line":28,"column":null}},"line":3},"1":{"name":"(anonymous_1)","decl":{"start":{"line":6,"column":7},"end":{"line":6,"column":25}},"loc":{"start":{"line":6,"column":25},"end":{"line":8,"column":null}},"line":6},"2":{"name":"(anonymous_2)","decl":{"start":{"line":10,"column":7},"end":{"line":10,"column":27}},"loc":{"start":{"line":10,"column":27},"end":{"line":12,"column":null}},"line":10},"3":{"name":"(anonymous_3)","decl":{"start":{"line":14,"column":7},"end":{"line":14,"column":30}},"loc":{"start":{"line":14,"column":30},"end":{"line":17,"column":null}},"line":14}},"branchMap":{"0":{"loc":{"start":{"line":3,"column":27},"end":{"line":3,"column":57}},"type":"default-arg","locations":[{"start":{"line":3,"column":50},"end":{"line":3,"column":57}}],"line":3},"1":{"loc":{"start":{"line":15,"column":2},"end":{"line":15,"column":null}},"type":"if","locations":[{"start":{"line":15,"column":2},"end":{"line":15,"column":null}},{"start":{},"end":{}}],"line":15}},"s":{"0":2,"1":15,"2":15,"3":4,"4":15,"5":1,"6":15,"7":2,"8":0,"9":2,"10":15},"f":{"0":15,"1":4,"2":1,"3":2},"b":{"0":[15],"1":[0,2]},"meta":{"lastBranch":2,"lastFunction":4,"lastStatement":11,"seen":{"s:3:13:28:Infinity":0,"f:3:13:3:27":0,"b:3:50:3:57":0,"s:4:17:4:Infinity":1,"s:6:7:8:Infinity":2,"f:6:7:6:25":1,"s:7:2:7:Infinity":3,"s:10:7:12:Infinity":4,"f:10:7:10:27":2,"s:11:2:11:Infinity":5,"s:14:7:17:Infinity":6,"f:14:7:14:30":3,"b:15:2:15:Infinity:undefined:undefined:undefined:undefined":1,"s:15:2:15:Infinity":7,"s:15:21:15:Infinity":8,"s:16:2:16:Infinity":9,"s:19:1:27:Infinity":10},"fnNames":{}}}
,"/Users/carlos/Proyects/React/03-gifs-app/src/gifs/actions/get-gifs-by-query.actions.ts": {"path":"/Users/carlos/Proyects/React/03-gifs-app/src/gifs/actions/get-gifs-by-query.actions.ts","statementMap":{"0":{"start":{"line":5,"column":30},"end":{"line":33,"column":null}},"1":{"start":{"line":7,"column":1},"end":{"line":9,"column":null}},"2":{"start":{"line":8,"column":2},"end":{"line":8,"column":null}},"3":{"start":{"line":11,"column":1},"end":{"line":32,"column":null}},"4":{"start":{"line":13,"column":19},"end":{"line":18,"column":null}},"5":{"start":{"line":22,"column":2},"end":{"line":28,"column":null}},"6":{"start":{"line":22,"column":42},"end":{"line":28,"column":4}},"7":{"start":{"line":30,"column":2},"end":{"line":30,"column":null}},"8":{"start":{"line":31,"column":2},"end":{"line":31,"column":null}}},"fnMap":{"0":{"name":"(anonymous_0)","decl":{"start":{"line":5,"column":30},"end":{"line":5,"column":37}},"loc":{"start":{"line":5,"column":71},"end":{"line":33,"column":null}},"line":5},"1":{"name":"(anonymous_1)","decl":{"start":{"line":22,"column":28},"end":{"line":22,"column":33}},"loc":{"start":{"line":22,"column":42},"end":{"line":28,"column":4}},"line":22}},"branchMap":{"0":{"loc":{"start":{"line":7,"column":1},"end":{"line":9,"column":null}},"type":"if","locations":[{"start":{"line":7,"column":1},"end":{"line":9,"column":null}},{"start":{},"end":{}}],"line":7}},"s":{"0":2,"1":6,"2":1,"3":5,"4":5,"5":4,"6":40,"7":1,"8":1},"f":{"0":6,"1":40},"b":{"0":[1,5]},"meta":{"lastBranch":1,"lastFunction":2,"lastStatement":9,"seen":{"s:5:30:33:Infinity":0,"f:5:30:5:37":0,"b:7:1:9:Infinity:undefined:undefined:undefined:undefined":0,"s:7:1:9:Infinity":1,"s:8:2:8:Infinity":2,"s:11:1:32:Infinity":3,"s:13:19:18:Infinity":4,"s:22:2:28:Infinity":5,"f:22:28:22:33":1,"s:22:42:28:4":6,"s:30:2:30:Infinity":7,"s:31:2:31:Infinity":8},"fnNames":{}}}
,"/Users/carlos/Proyects/React/03-gifs-app/src/gifs/api/giphy.api.ts": {"path":"/Users/carlos/Proyects/React/03-gifs-app/src/gifs/api/giphy.api.ts","statementMap":{"0":{"start":{"line":3,"column":24},"end":{"line":9,"column":null}}},"fnMap":{},"branchMap":{},"s":{"0":3},"f":{},"b":{},"meta":{"lastBranch":0,"lastFunction":0,"lastStatement":1,"seen":{"s:3:24:9:Infinity":0},"fnNames":{}}}
,"/Users/carlos/Proyects/React/03-gifs-app/src/gifs/hooks/useGifs.tsx": {"path":"/Users/carlos/Proyects/React/03-gifs-app/src/gifs/hooks/useGifs.tsx","statementMap":{"0":{"start":{"line":8,"column":13},"end":{"line":55,"column":null}},"1":{"start":{"line":9,"column":23},"end":{"line":9,"column":null}},"2":{"start":{"line":10,"column":14},"end":{"line":10,"column":null}},"3":{"start":{"line":12,"column":7},"end":{"line":12,"column":null}},"4":{"start":{"line":14,"column":27},"end":{"line":25,"column":null}},"5":{"start":{"line":16,"column":2},"end":{"line":19,"column":null}},"6":{"start":{"line":17,"column":3},"end":{"line":17,"column":null}},"7":{"start":{"line":18,"column":3},"end":{"line":18,"column":null}},"8":{"start":{"line":21,"column":15},"end":{"line":21,"column":null}},"9":{"start":{"line":22,"column":2},"end":{"line":22,"column":null}},"10":{"start":{"line":24,"column":2},"end":{"line":24,"column":null}},"11":{"start":{"line":27,"column":22},"end":{"line":46,"column":null}},"12":{"start":{"line":34,"column":27},"end":{"line":34,"column":null}},"13":{"start":{"line":35,"column":2},"end":{"line":35,"column":null}},"14":{"start":{"line":35,"column":29},"end":{"line":35,"column":null}},"15":{"start":{"line":36,"column":2},"end":{"line":36,"column":null}},"16":{"start":{"line":36,"column":40},"end":{"line":36,"column":null}},"17":{"start":{"line":37,"column":2},"end":{"line":37,"column":null}},"18":{"start":{"line":39,"column":15},"end":{"line":39,"column":null}},"19":{"start":{"line":42,"column":2},"end":{"line":42,"column":null}},"20":{"start":{"line":45,"column":2},"end":{"line":45,"column":null}},"21":{"start":{"line":48,"column":1},"end":{"line":54,"column":null}}},"fnMap":{"0":{"name":"(anonymous_0)","decl":{"start":{"line":8,"column":13},"end":{"line":8,"column":29}},"loc":{"start":{"line":8,"column":29},"end":{"line":55,"column":null}},"line":8},"1":{"name":"(anonymous_1)","decl":{"start":{"line":14,"column":27},"end":{"line":14,"column":34}},"loc":{"start":{"line":14,"column":51},"end":{"line":25,"column":null}},"line":14},"2":{"name":"(anonymous_2)","decl":{"start":{"line":27,"column":22},"end":{"line":27,"column":29}},"loc":{"start":{"line":27,"column":52},"end":{"line":46,"column":null}},"line":27}},"branchMap":{"0":{"loc":{"start":{"line":16,"column":2},"end":{"line":19,"column":null}},"type":"if","locations":[{"start":{"line":16,"column":2},"end":{"line":19,"column":null}},{"start":{},"end":{}}],"line":16},"1":{"loc":{"start":{"line":27,"column":29},"end":{"line":27,"column":52}},"type":"default-arg","locations":[{"start":{"line":27,"column":45},"end":{"line":27,"column":52}}],"line":27},"2":{"loc":{"start":{"line":35,"column":2},"end":{"line":35,"column":null}},"type":"if","locations":[{"start":{"line":35,"column":2},"end":{"line":35,"column":null}},{"start":{},"end":{}}],"line":35},"3":{"loc":{"start":{"line":36,"column":2},"end":{"line":36,"column":null}},"type":"if","locations":[{"start":{"line":36,"column":2},"end":{"line":36,"column":null}},{"start":{},"end":{}}],"line":36}},"s":{"0":1,"1":18,"2":18,"3":18,"4":18,"5":3,"6":1,"7":1,"8":2,"9":2,"10":2,"11":18,"12":10,"13":10,"14":0,"15":10,"16":0,"17":10,"18":10,"19":10,"20":10,"21":18},"f":{"0":18,"1":3,"2":10},"b":{"0":[1,2],"1":[10],"2":[0,10],"3":[0,10]},"meta":{"lastBranch":4,"lastFunction":3,"lastStatement":22,"seen":{"s:8:13:55:Infinity":0,"f:8:13:8:29":0,"s:9:23:9:Infinity":1,"s:10:14:10:Infinity":2,"s:12:7:12:Infinity":3,"s:14:27:25:Infinity":4,"f:14:27:14:34":1,"b:16:2:19:Infinity:undefined:undefined:undefined:undefined":0,"s:16:2:19:Infinity":5,"s:17:3:17:Infinity":6,"s:18:3:18:Infinity":7,"s:21:15:21:Infinity":8,"s:22:2:22:Infinity":9,"s:24:2:24:Infinity":10,"s:27:22:46:Infinity":11,"f:27:22:27:29":2,"b:27:45:27:52":1,"s:34:27:34:Infinity":12,"b:35:2:35:Infinity:undefined:undefined:undefined:undefined":2,"s:35:2:35:Infinity":13,"s:35:29:35:Infinity":14,"b:36:2:36:Infinity:undefined:undefined:undefined:undefined":3,"s:36:2:36:Infinity":15,"s:36:40:36:Infinity":16,"s:37:2:37:Infinity":17,"s:39:15:39:Infinity":18,"s:42:2:42:Infinity":19,"s:45:2:45:Infinity":20,"s:48:1:54:Infinity":21},"fnNames":{}}}
,"/Users/carlos/Proyects/React/03-gifs-app/src/shared/components/CustomHeader.tsx": {"path":"/Users/carlos/Proyects/React/03-gifs-app/src/shared/components/CustomHeader.tsx","statementMap":{"0":{"start":{"line":6,"column":13},"end":{"line":13,"column":null}},"1":{"start":{"line":7,"column":1},"end":{"line":11,"column":null}}},"fnMap":{"0":{"name":"(anonymous_0)","decl":{"start":{"line":6,"column":13},"end":{"line":6,"column":29}},"loc":{"start":{"line":6,"column":63},"end":{"line":13,"column":null}},"line":6}},"branchMap":{"0":{"loc":{"start":{"line":10,"column":4},"end":{"line":11,"column":null}},"type":"binary-expr","locations":[{"start":{"line":10,"column":4},"end":{"line":10,"column":19}},{"start":{"line":10,"column":19},"end":{"line":11,"column":null}}],"line":10}},"s":{"0":1,"1":3},"f":{"0":3},"b":{"0":[3,1]},"meta":{"lastBranch":1,"lastFunction":1,"lastStatement":2,"seen":{"s:6:13:13:Infinity":0,"f:6:13:6:29":0,"s:7:1:11:Infinity":1,"b:10:4:10:19:10:19:11:Infinity":0},"fnNames":{}}}
,"/Users/carlos/Proyects/React/03-gifs-app/src/shared/components/SearchBar.tsx": {"path":"/Users/carlos/Proyects/React/03-gifs-app/src/shared/components/SearchBar.tsx","statementMap":{"0":{"start":{"line":9,"column":13},"end":{"line":45,"column":null}},"1":{"start":{"line":10,"column":15},"end":{"line":10,"column":null}},"2":{"start":{"line":13,"column":1},"end":{"line":20,"column":null}},"3":{"start":{"line":14,"column":20},"end":{"line":16,"column":null}},"4":{"start":{"line":15,"column":3},"end":{"line":15,"column":null}},"5":{"start":{"line":17,"column":2},"end":{"line":19,"column":null}},"6":{"start":{"line":18,"column":3},"end":{"line":18,"column":null}},"7":{"start":{"line":22,"column":7},"end":{"line":25,"column":null}},"8":{"start":{"line":23,"column":2},"end":{"line":23,"column":null}},"9":{"start":{"line":24,"column":2},"end":{"line":24,"column":null}},"10":{"start":{"line":27,"column":7},"end":{"line":31,"column":null}},"11":{"start":{"line":28,"column":2},"end":{"line":30,"column":null}},"12":{"start":{"line":29,"column":3},"end":{"line":29,"column":null}},"13":{"start":{"line":33,"column":1},"end":{"line":43,"column":null}},"14":{"start":{"line":39,"column":25},"end":{"line":39,"column":null}}},"fnMap":{"0":{"name":"(anonymous_0)","decl":{"start":{"line":9,"column":13},"end":{"line":9,"column":26}},"loc":{"start":{"line":9,"column":73},"end":{"line":45,"column":null}},"line":9},"1":{"name":"(anonymous_1)","decl":{"start":{"line":13,"column":1},"end":{"line":13,"column":17}},"loc":{"start":{"line":13,"column":17},"end":{"line":20,"column":4}},"line":13},"2":{"name":"(anonymous_2)","decl":{"start":{"line":14,"column":20},"end":{"line":14,"column":37}},"loc":{"start":{"line":14,"column":37},"end":{"line":16,"column":5}},"line":14},"3":{"name":"(anonymous_3)","decl":{"start":{"line":17,"column":2},"end":{"line":17,"column":15}},"loc":{"start":{"line":17,"column":15},"end":{"line":19,"column":null}},"line":17},"4":{"name":"(anonymous_4)","decl":{"start":{"line":22,"column":7},"end":{"line":22,"column":28}},"loc":{"start":{"line":22,"column":28},"end":{"line":25,"column":null}},"line":22},"5":{"name":"(anonymous_5)","decl":{"start":{"line":27,"column":7},"end":{"line":27,"column":24}},"loc":{"start":{"line":27,"column":73},"end":{"line":31,"column":null}},"line":27},"6":{"name":"(anonymous_6)","decl":{"start":{"line":39,"column":4},"end":{"line":39,"column":15}},"loc":{"start":{"line":39,"column":25},"end":{"line":39,"column":null}},"line":39}},"branchMap":{"0":{"loc":{"start":{"line":9,"column":28},"end":{"line":9,"column":52}},"type":"default-arg","locations":[{"start":{"line":9,"column":42},"end":{"line":9,"column":52}}],"line":9},"1":{"loc":{"start":{"line":28,"column":2},"end":{"line":30,"column":null}},"type":"if","locations":[{"start":{"line":28,"column":2},"end":{"line":30,"column":null}},{"start":{},"end":{}}],"line":28}},"s":{"0":1,"1":12,"2":12,"3":12,"4":2,"5":12,"6":12,"7":12,"8":1,"9":1,"10":12,"11":0,"12":0,"13":12,"14":6},"f":{"0":12,"1":12,"2":2,"3":12,"4":1,"5":0,"6":6},"b":{"0":[12],"1":[0,0]},"meta":{"lastBranch":2,"lastFunction":7,"lastStatement":15,"seen":{"s:9:13:45:Infinity":0,"f:9:13:9:26":0,"b:9:42:9:52":0,"s:10:15:10:Infinity":1,"s:13:1:20:Infinity":2,"f:13:1:13:17":1,"s:14:20:16:Infinity":3,"f:14:20:14:37":2,"s:15:3:15:Infinity":4,"s:17:2:19:Infinity":5,"f:17:2:17:15":3,"s:18:3:18:Infinity":6,"s:22:7:25:Infinity":7,"f:22:7:22:28":4,"s:23:2:23:Infinity":8,"s:24:2:24:Infinity":9,"s:27:7:31:Infinity":10,"f:27:7:27:24":5,"b:28:2:30:Infinity:undefined:undefined:undefined:undefined":1,"s:28:2:30:Infinity":11,"s:29:3:29:Infinity":12,"s:33:1:43:Infinity":13,"f:39:4:39:15":6,"s:39:25:39:Infinity":14},"fnNames":{}}}
,"/Users/carlos/Proyects/React/03-gifs-app/test/mocks/giphy.response.data.ts": {"path":"/Users/carlos/Proyects/React/03-gifs-app/test/mocks/giphy.response.data.ts","statementMap":{"0":{"start":{"line":1,"column":39},"end":{"line":1983,"column":null}}},"fnMap":{},"branchMap":{},"s":{"0":1},"f":{},"b":{},"meta":{"lastBranch":0,"lastFunction":0,"lastStatement":1,"seen":{"s:1:39:1983:Infinity":0},"fnNames":{}}}
}
